Initializing n8n process
n8n ready on ::, port 5678
n8n Task Broker ready on 127.0.0.1, port 5679
Failed to start Python task runner in internal mode. because its virtual environment is missing from this system. Launching a Python runner in internal mode is intended only for debugging and is not recommended for production. Users are encouraged to deploy in external mode. See: https://docs.n8n.io/hosting/configuration/task-runners/#setting-up-external-mode

There are deprecations related to your n8n setup. Please take the recommended actions to update your configuration:
 - N8N_UNVERIFIED_PACKAGES_ENABLED -> The default for this variable will change to `false` in a future version. Set it to `true` explicitly to keep installing unverified community packages.
 - N8N_RUNNERS_TASK_TIMEOUT -> The default for this variable will be reduced from 300 (5 minutes) to 60 (1 minute) in a future version. Set it explicitly to keep your current task timeout.
 - N8N_COMPRESSION_NODE_MAX_DECOMPRESSED_SIZE_BYTES -> The default for this variable will be reduced from 2 GiB to 256 MiB in a future version. Set it explicitly to keep your current limit.
 - N8N_COMPRESSION_NODE_MAX_ZIP_ENTRIES -> The default for this variable will be reduced from 5000 to 1000 in a future version. Set it explicitly to keep your current limit.
 - Running n8n outside a container is deprecated. Future versions will require running n8n via the official Docker image. See https://docs.n8n.io/deploy/host-n8n/install-options/install-with-docker

[license SDK] Skipping renewal on init: license cert is not initialized
Registered runner "JS Task Runner" (Fyi6pMpTuQbUaO0pZ_IgC) 
Instance registered
Discovered 4 cluster checks
Version: 2.30.7
Building workflow dependency index...

Editor is now accessible via:
http://localhost:5678
Finished building workflow dependency index. Processed 0 draft workflows, 0 published workflows.
(node:6081) [DEP0060] DeprecationWarning: The `util._extend` API is deprecated. Please use Object.assign() instead.
(Use `node --trace-deprecation ...` to show where the warning was created)
Pruning old insights data
Pruning old insights data
Pruning old insights data
